# JRE version: OpenJDK Runtime Environment (8.0_242-b01) (build 1.8.0_242-release-1644-b01)
# Java VM: OpenJDK 64-Bit Server VM (25.242-b01 mixed mode windows-amd64 compressed oops)
Heap:
 PSYoungGen      total 197632K, used 2807K [0x00000000d5580000, 0x00000000e3600000, 0x0000000100000000)
  eden space 177152K, 1% used [0x00000000d5580000,0x00000000d583de18,0x00000000e0280000)
  from space 20480K, 0% used [0x00000000e1b80000,0x00000000e1b80000,0x00000000e2f80000)
  to   space 25600K, 0% used [0x00000000e0280000,0x00000000e0280000,0x00000000e1b80000)
 ParOldGen       total 132608K, used 59941K [0x0000000080000000, 0x0000000088180000, 0x00000000d5580000)
  object space 132608K, 45% used [0x0000000080000000,0x0000000083a89708,0x0000000088180000)
 Metaspace       used 93738K, capacity 98178K, committed 98496K, reserved 1136640K
  class space    used 12287K, capacity 13226K, committed 13312K, reserved 1048576K
GC Heap History (10 events):
Event: 65.687 GC heap before
{Heap before GC invocations=22 (full 3):
 PSYoungGen      total 175616K, used 166376K [0x00000000d5580000, 0x00000000e1580000, 0x0000000100000000)
  eden space 157696K, 100% used [0x00000000d5580000,0x00000000def80000,0x00000000def80000)
  from space 17920K, 48% used [0x00000000e0400000,0x00000000e0c7a228,0x00000000e1580000)
  to   space 19456K, 0% used [0x00000000def80000,0x00000000def80000,0x00000000e0280000)
 ParOldGen       total 132608K, used 41290K [0x0000000080000000, 0x0000000088180000, 0x00000000d5580000)
  object space 132608K, 31% used [0x0000000080000000,0x00000000828529e8,0x0000000088180000)
 Metaspace       used 80428K, capacity 84366K, committed 84440K, reserved 1122304K
  class space    used 10917K, capacity 11708K, committed 11776K, reserved 1048576K
Event: 65.721 GC heap after
Heap after GC invocations=22 (full 3):
 PSYoungGen      total 177152K, used 14680K [0x00000000d5580000, 0x00000000e2f80000, 0x0000000100000000)
  eden space 157696K, 0% used [0x00000000d5580000,0x00000000d5580000,0x00000000def80000)
  from space 19456K, 75% used [0x00000000def80000,0x00000000dfdd6018,0x00000000e0280000)
  to   space 20480K, 0% used [0x00000000e1b80000,0x00000000e1b80000,0x00000000e2f80000)
 ParOldGen       total 132608K, used 41298K [0x0000000080000000, 0x0000000088180000, 0x00000000d5580000)
  object space 132608K, 31% used [0x0000000080000000,0x00000000828549e8,0x0000000088180000)
 Metaspace       used 80428K, capacity 84366K, committed 84440K, reserved 1122304K
  class space    used 10917K, capacity 11708K, committed 11776K, reserved 1048576K
}
Event: 126.155 GC heap before
{Heap before GC invocations=23 (full 3):
 PSYoungGen      total 177152K, used 172376K [0x00000000d5580000, 0x00000000e2f80000, 0x0000000100000000)
  eden space 157696K, 100% used [0x00000000d5580000,0x00000000def80000,0x00000000def80000)
  from space 19456K, 75% used [0x00000000def80000,0x00000000dfdd6018,0x00000000e0280000)
  to   space 20480K, 0% used [0x00000000e1b80000,0x00000000e1b80000,0x00000000e2f80000)
 ParOldGen       total 132608K, used 41298K [0x0000000080000000, 0x0000000088180000, 0x00000000d5580000)
  object space 132608K, 31% used [0x0000000080000000,0x00000000828549e8,0x0000000088180000)
 Metaspace       used 86042K, capacity 90218K, committed 90456K, reserved 1128448K
  class space    used 11421K, capacity 12294K, committed 12416K, reserved 1048576K
Event: 126.244 GC heap after
Heap after GC invocations=23 (full 3):
 PSYoungGen      total 197632K, used 20452K [0x00000000d5580000, 0x00000000e3600000, 0x0000000100000000)
  eden space 177152K, 0% used [0x00000000d5580000,0x00000000d5580000,0x00000000e0280000)
  from space 20480K, 99% used [0x00000000e1b80000,0x00000000e2f79200,0x00000000e2f80000)
  to   space 25600K, 0% used [0x00000000e0280000,0x00000000e0280000,0x00000000e1b80000)
 ParOldGen       total 132608K, used 47022K [0x0000000080000000, 0x0000000088180000, 0x00000000d5580000)
  object space 132608K, 35% used [0x0000000080000000,0x0000000082deb9c8,0x0000000088180000)
 Metaspace       used 86042K, capacity 90218K, committed 90456K, reserved 1128448K
  class space    used 11421K, capacity 12294K, committed 12416K, reserved 1048576K
}
Event: 145.402 GC heap before
{Heap before GC invocations=24 (full 3):
 PSYoungGen      total 197632K, used 197604K [0x00000000d5580000, 0x00000000e3600000, 0x0000000100000000)
  eden space 177152K, 100% used [0x00000000d5580000,0x00000000e0280000,0x00000000e0280000)
  from space 20480K, 99% used [0x00000000e1b80000,0x00000000e2f79200,0x00000000e2f80000)
  to   space 25600K, 0% used [0x00000000e0280000,0x00000000e0280000,0x00000000e1b80000)
 ParOldGen       total 132608K, used 47022K [0x0000000080000000, 0x0000000088180000, 0x00000000d5580000)
  object space 132608K, 35% used [0x0000000080000000,0x0000000082deb9c8,0x0000000088180000)
 Metaspace       used 92847K, capacity 97228K, committed 97368K, reserved 1134592K
  class space    used 12186K, capacity 13099K, committed 13184K, reserved 1048576K
Event: 145.550 GC heap after
Heap after GC invocations=24 (full 3):
 PSYoungGen      total 202752K, used 16123K [0x00000000d5580000, 0x00000000e3600000, 0x0000000100000000)
  eden space 177152K, 0% used [0x00000000d5580000,0x00000000d5580000,0x00000000e0280000)
  from space 25600K, 62% used [0x00000000e0280000,0x00000000e123ed00,0x00000000e1b80000)
  to   space 20480K, 0% used [0x00000000e1b80000,0x00000000e1b80000,0x00000000e2f80000)
 ParOldGen       total 132608K, used 55188K [0x0000000080000000, 0x0000000088180000, 0x00000000d5580000)
  object space 132608K, 41% used [0x0000000080000000,0x00000000835e5190,0x0000000088180000)
 Metaspace       used 92847K, capacity 97228K, committed 97368K, reserved 1134592K
  class space    used 12186K, capacity 13099K, committed 13184K, reserved 1048576K
}
Event: 149.084 GC heap before
{Heap before GC invocations=25 (full 3):
 PSYoungGen      total 202752K, used 69600K [0x00000000d5580000, 0x00000000e3600000, 0x0000000100000000)
  eden space 177152K, 30% used [0x00000000d5580000,0x00000000d89b9470,0x00000000e0280000)
  from space 25600K, 62% used [0x00000000e0280000,0x00000000e123ed00,0x00000000e1b80000)
  to   space 20480K, 0% used [0x00000000e1b80000,0x00000000e1b80000,0x00000000e2f80000)
 ParOldGen       total 132608K, used 55188K [0x0000000080000000, 0x0000000088180000, 0x00000000d5580000)
  object space 132608K, 41% used [0x0000000080000000,0x00000000835e5190,0x0000000088180000)
 Metaspace       used 93820K, capacity 98432K, committed 98496K, reserved 1136640K
  class space    used 12311K, capacity 13249K, committed 13312K, reserved 1048576K
Event: 149.119 GC heap after
Heap after GC invocations=25 (full 3):
 PSYoungGen      total 197632K, used 16233K [0x00000000d5580000, 0x00000000e3600000, 0x0000000100000000)
  eden space 177152K, 0% used [0x00000000d5580000,0x00000000d5580000,0x00000000e0280000)
  from space 20480K, 79% used [0x00000000e1b80000,0x00000000e2b5a728,0x00000000e2f80000)
  to   space 25600K, 0% used [0x00000000e0280000,0x00000000e0280000,0x00000000e1b80000)
 ParOldGen       total 132608K, used 55196K [0x0000000080000000, 0x0000000088180000, 0x00000000d5580000)
  object space 132608K, 41% used [0x0000000080000000,0x00000000835e7190,0x0000000088180000)
 Metaspace       used 93820K, capacity 98432K, committed 98496K, reserved 1136640K
  class space    used 12311K, capacity 13249K, committed 13312K, reserved 1048576K
}
Event: 149.119 GC heap before
{Heap before GC invocations=26 (full 4):
 PSYoungGen      total 197632K, used 16233K [0x00000000d5580000, 0x00000000e3600000, 0x0000000100000000)
  eden space 177152K, 0% used [0x00000000d5580000,0x00000000d5580000,0x00000000e0280000)
  from space 20480K, 79% used [0x00000000e1b80000,0x00000000e2b5a728,0x00000000e2f80000)
  to   space 25600K, 0% used [0x00000000e0280000,0x00000000e0280000,0x00000000e1b80000)
 ParOldGen       total 132608K, used 55196K [0x0000000080000000, 0x0000000088180000, 0x00000000d5580000)
  object space 132608K, 41% used [0x0000000080000000,0x00000000835e7190,0x0000000088180000)
 Metaspace       used 93820K, capacity 98432K, committed 98496K, reserved 1136640K
  class space    used 12311K, capacity 13249K, committed 13312K, reserved 1048576K
Event: 150.062 GC heap after
Heap after GC invocations=26 (full 4):
 PSYoungGen      total 197632K, used 0K [0x00000000d5580000, 0x00000000e3600000, 0x0000000100000000)
  eden space 177152K, 0% used [0x00000000d5580000,0x00000000d5580000,0x00000000e0280000)
  from space 20480K, 0% used [0x00000000e1b80000,0x00000000e1b80000,0x00000000e2f80000)
  to   space 25600K, 0% used [0x00000000e0280000,0x00000000e0280000,0x00000000e1b80000)
 ParOldGen       total 132608K, used 59941K [0x0000000080000000, 0x0000000088180000, 0x00000000d5580000)
  object space 132608K, 45% used [0x0000000080000000,0x0000000083a89708,0x0000000088180000)
 Metaspace       used 93716K, capacity 98126K, committed 98496K, reserved 1136640K
  class space    used 12277K, capacity 13188K, committed 13312K, reserved 1048576K
}

