# JRE version: OpenJDK Runtime Environment (8.0_242-b01) (build 1.8.0_242-release-1644-b01)
# Java VM: OpenJDK 64-Bit Server VM (25.242-b01 mixed mode windows-amd64 compressed oops)
Heap:
 PSYoungGen      total 595456K, used 70647K [0x00000000d5580000, 0x0000000100000000, 0x0000000100000000)
  eden space 535040K, 1% used [0x00000000d5580000,0x00000000d5f850c0,0x00000000f6000000)
  from space 60416K, 99% used [0x00000000f6000000,0x00000000f9af8d60,0x00000000f9b00000)
  to   space 75264K, 0% used [0x00000000fb680000,0x00000000fb680000,0x0000000100000000)
 ParOldGen       total 221184K, used 79143K [0x0000000080000000, 0x000000008d800000, 0x00000000d5580000)
  object space 221184K, 35% used [0x0000000080000000,0x0000000084d49c10,0x000000008d800000)
 Metaspace       used 102633K, capacity 109306K, committed 109480K, reserved 1144832K
  class space    used 13042K, capacity 14195K, committed 14256K, reserved 1048576K
GC Heap History (10 events):
Event: 7217.407 GC heap before
{Heap before GC invocations=28 (full 5):
 PSYoungGen      total 534528K, used 488420K [0x00000000d5580000, 0x00000000fb480000, 0x0000000100000000)
  eden space 473088K, 100% used [0x00000000d5580000,0x00000000f2380000,0x00000000f2380000)
  from space 61440K, 24% used [0x00000000f7880000,0x00000000f8779288,0x00000000fb480000)
  to   space 74240K, 0% used [0x00000000f2380000,0x00000000f2380000,0x00000000f6c00000)
 ParOldGen       total 221184K, used 63858K [0x0000000080000000, 0x000000008d800000, 0x00000000d5580000)
  object space 221184K, 28% used [0x0000000080000000,0x0000000083e5cb80,0x000000008d800000)
 Metaspace       used 94251K, capacity 100190K, committed 100392K, reserved 1136640K
  class space    used 12252K, capacity 13251K, committed 13360K, reserved 1048576K
Event: 7217.758 GC heap after
Heap after GC invocations=28 (full 5):
 PSYoungGen      total 547328K, used 25503K [0x00000000d5580000, 0x00000000fd280000, 0x0000000100000000)
  eden space 473088K, 0% used [0x00000000d5580000,0x00000000d5580000,0x00000000f2380000)
  from space 74240K, 34% used [0x00000000f2380000,0x00000000f3c67c18,0x00000000f6c00000)
  to   space 69632K, 0% used [0x00000000f8e80000,0x00000000f8e80000,0x00000000fd280000)
 ParOldGen       total 221184K, used 63866K [0x0000000080000000, 0x000000008d800000, 0x00000000d5580000)
  object space 221184K, 28% used [0x0000000080000000,0x0000000083e5eb80,0x000000008d800000)
 Metaspace       used 94251K, capacity 100190K, committed 100392K, reserved 1136640K
  class space    used 12252K, capacity 13251K, committed 13360K, reserved 1048576K
}
Event: 7235.529 GC heap before
{Heap before GC invocations=29 (full 5):
 PSYoungGen      total 547328K, used 498591K [0x00000000d5580000, 0x00000000fd280000, 0x0000000100000000)
  eden space 473088K, 100% used [0x00000000d5580000,0x00000000f2380000,0x00000000f2380000)
  from space 74240K, 34% used [0x00000000f2380000,0x00000000f3c67c18,0x00000000f6c00000)
  to   space 69632K, 0% used [0x00000000f8e80000,0x00000000f8e80000,0x00000000fd280000)
 ParOldGen       total 221184K, used 63866K [0x0000000080000000, 0x000000008d800000, 0x00000000d5580000)
  object space 221184K, 28% used [0x0000000080000000,0x0000000083e5eb80,0x000000008d800000)
 Metaspace       used 100584K, capacity 106936K, committed 107176K, reserved 1142784K
  class space    used 12903K, capacity 13994K, committed 14000K, reserved 1048576K
Event: 7235.606 GC heap after
Heap after GC invocations=29 (full 5):
 PSYoungGen      total 570368K, used 22827K [0x00000000d5580000, 0x00000000fc880000, 0x0000000100000000)
  eden space 510976K, 0% used [0x00000000d5580000,0x00000000d5580000,0x00000000f4880000)
  from space 59392K, 38% used [0x00000000f8e80000,0x00000000fa4cae90,0x00000000fc880000)
  to   space 65536K, 0% used [0x00000000f4880000,0x00000000f4880000,0x00000000f8880000)
 ParOldGen       total 221184K, used 63874K [0x0000000080000000, 0x000000008d800000, 0x00000000d5580000)
  object space 221184K, 28% used [0x0000000080000000,0x0000000083e60b80,0x000000008d800000)
 Metaspace       used 100584K, capacity 106936K, committed 107176K, reserved 1142784K
  class space    used 12903K, capacity 13994K, committed 14000K, reserved 1048576K
}
Event: 7303.872 GC heap before
{Heap before GC invocations=30 (full 5):
 PSYoungGen      total 570368K, used 533803K [0x00000000d5580000, 0x00000000fc880000, 0x0000000100000000)
  eden space 510976K, 100% used [0x00000000d5580000,0x00000000f4880000,0x00000000f4880000)
  from space 59392K, 38% used [0x00000000f8e80000,0x00000000fa4cae90,0x00000000fc880000)
  to   space 65536K, 0% used [0x00000000f4880000,0x00000000f4880000,0x00000000f8880000)
 ParOldGen       total 221184K, used 63874K [0x0000000080000000, 0x000000008d800000, 0x00000000d5580000)
  object space 221184K, 28% used [0x0000000080000000,0x0000000083e60b80,0x000000008d800000)
 Metaspace       used 101951K, capacity 108588K, committed 108712K, reserved 1144832K
  class space    used 13011K, capacity 14172K, committed 14256K, reserved 1048576K
Event: 7304.027 GC heap after
Heap after GC invocations=30 (full 5):
 PSYoungGen      total 576512K, used 25500K [0x00000000d5580000, 0x00000000fdb00000, 0x0000000100000000)
  eden space 510976K, 0% used [0x00000000d5580000,0x00000000d5580000,0x00000000f4880000)
  from space 65536K, 38% used [0x00000000f4880000,0x00000000f6167300,0x00000000f8880000)
  to   space 61440K, 0% used [0x00000000f9f00000,0x00000000f9f00000,0x00000000fdb00000)
 ParOldGen       total 221184K, used 63882K [0x0000000080000000, 0x000000008d800000, 0x00000000d5580000)
  object space 221184K, 28% used [0x0000000080000000,0x0000000083e62b80,0x000000008d800000)
 Metaspace       used 101951K, capacity 108588K, committed 108712K, reserved 1144832K
  class space    used 13011K, capacity 14172K, committed 14256K, reserved 1048576K
}
Event: 7358.239 GC heap before
{Heap before GC invocations=31 (full 5):
 PSYoungGen      total 576512K, used 536476K [0x00000000d5580000, 0x00000000fdb00000, 0x0000000100000000)
  eden space 510976K, 100% used [0x00000000d5580000,0x00000000f4880000,0x00000000f4880000)
  from space 65536K, 38% used [0x00000000f4880000,0x00000000f6167300,0x00000000f8880000)
  to   space 61440K, 0% used [0x00000000f9f00000,0x00000000f9f00000,0x00000000fdb00000)
 ParOldGen       total 221184K, used 63882K [0x0000000080000000, 0x000000008d800000, 0x00000000d5580000)
  object space 221184K, 28% used [0x0000000080000000,0x0000000083e62b80,0x000000008d800000)
 Metaspace       used 102417K, capacity 109140K, committed 109224K, reserved 1144832K
  class space    used 13025K, capacity 14186K, committed 14256K, reserved 1048576K
Event: 7358.367 GC heap after
Heap after GC invocations=31 (full 5):
 PSYoungGen      total 591360K, used 31575K [0x00000000d5580000, 0x00000000fd600000, 0x0000000100000000)
  eden space 535040K, 0% used [0x00000000d5580000,0x00000000d5580000,0x00000000f6000000)
  from space 56320K, 56% used [0x00000000f9f00000,0x00000000fbdd5d98,0x00000000fd600000)
  to   space 60416K, 0% used [0x00000000f6000000,0x00000000f6000000,0x00000000f9b00000)
 ParOldGen       total 221184K, used 63890K [0x0000000080000000, 0x000000008d800000, 0x00000000d5580000)
  object space 221184K, 28% used [0x0000000080000000,0x0000000083e64b80,0x000000008d800000)
 Metaspace       used 102417K, capacity 109140K, committed 109224K, reserved 1144832K
  class space    used 13025K, capacity 14186K, committed 14256K, reserved 1048576K
}
Event: 7365.508 GC heap before
{Heap before GC invocations=32 (full 5):
 PSYoungGen      total 591360K, used 566615K [0x00000000d5580000, 0x00000000fd600000, 0x0000000100000000)
  eden space 535040K, 100% used [0x00000000d5580000,0x00000000f6000000,0x00000000f6000000)
  from space 56320K, 56% used [0x00000000f9f00000,0x00000000fbdd5d98,0x00000000fd600000)
  to   space 60416K, 0% used [0x00000000f6000000,0x00000000f6000000,0x00000000f9b00000)
 ParOldGen       total 221184K, used 63890K [0x0000000080000000, 0x000000008d800000, 0x00000000d5580000)
  object space 221184K, 28% used [0x0000000080000000,0x0000000083e64b80,0x000000008d800000)
 Metaspace       used 102633K, capacity 109306K, committed 109480K, reserved 1144832K
  class space    used 13042K, capacity 14195K, committed 14256K, reserved 1048576K
Event: 7365.913 GC heap after
Heap after GC invocations=32 (full 5):
 PSYoungGen      total 595456K, used 60387K [0x00000000d5580000, 0x0000000100000000, 0x0000000100000000)
  eden space 535040K, 0% used [0x00000000d5580000,0x00000000d5580000,0x00000000f6000000)
  from space 60416K, 99% used [0x00000000f6000000,0x00000000f9af8d60,0x00000000f9b00000)
  to   space 75264K, 0% used [0x00000000fb680000,0x00000000fb680000,0x0000000100000000)
 ParOldGen       total 221184K, used 79143K [0x0000000080000000, 0x000000008d800000, 0x00000000d5580000)
  object space 221184K, 35% used [0x0000000080000000,0x0000000084d49c10,0x000000008d800000)
 Metaspace       used 102633K, capacity 109306K, committed 109480K, reserved 1144832K
  class space    used 13042K, capacity 14195K, committed 14256K, reserved 1048576K
}

