# JRE version: OpenJDK Runtime Environment (8.0_242-b01) (build 1.8.0_242-release-1644-b01)
# Java VM: OpenJDK 64-Bit Server VM (25.242-b01 mixed mode windows-amd64 compressed oops)
Heap:
 PSYoungGen      total 451072K, used 345689K [0x00000000d5580000, 0x00000000f3c80000, 0x0000000100000000)
  eden space 403456K, 77% used [0x00000000d5580000,0x00000000e856cfb0,0x00000000edf80000)
  from space 47616K, 72% used [0x00000000edf80000,0x00000000f01296a8,0x00000000f0e00000)
  to   space 41472K, 0% used [0x00000000f1400000,0x00000000f1400000,0x00000000f3c80000)
 ParOldGen       total 215040K, used 126057K [0x0000000080000000, 0x000000008d200000, 0x00000000d5580000)
  object space 215040K, 58% used [0x0000000080000000,0x0000000087b1a498,0x000000008d200000)
 Metaspace       used 97443K, capacity 102456K, committed 103192K, reserved 1138688K
  class space    used 12632K, capacity 13564K, committed 13872K, reserved 1048576K
GC Heap History (10 events):
Event: 82.249 GC heap before
{Heap before GC invocations=23 (full 4):
 PSYoungGen      total 444928K, used 410786K [0x00000000d5580000, 0x00000000f3c80000, 0x0000000100000000)
  eden space 403456K, 100% used [0x00000000d5580000,0x00000000edf80000,0x00000000edf80000)
  from space 41472K, 17% used [0x00000000f1400000,0x00000000f1b28b68,0x00000000f3c80000)
  to   space 47616K, 0% used [0x00000000edf80000,0x00000000edf80000,0x00000000f0e00000)
 ParOldGen       total 215040K, used 98926K [0x0000000080000000, 0x000000008d200000, 0x00000000d5580000)
  object space 215040K, 46% used [0x0000000080000000,0x000000008609b908,0x000000008d200000)
 Metaspace       used 92494K, capacity 97164K, committed 98456K, reserved 1134592K
  class space    used 12299K, capacity 13142K, committed 13488K, reserved 1048576K
Event: 82.349 GC heap after
Heap after GC invocations=23 (full 4):
 PSYoungGen      total 451072K, used 14028K [0x00000000d5580000, 0x00000000f3c80000, 0x0000000100000000)
  eden space 403456K, 0% used [0x00000000d5580000,0x00000000d5580000,0x00000000edf80000)
  from space 47616K, 29% used [0x00000000edf80000,0x00000000eed33158,0x00000000f0e00000)
  to   space 41472K, 0% used [0x00000000f1400000,0x00000000f1400000,0x00000000f3c80000)
 ParOldGen       total 215040K, used 98934K [0x0000000080000000, 0x000000008d200000, 0x00000000d5580000)
  object space 215040K, 46% used [0x0000000080000000,0x000000008609d908,0x000000008d200000)
 Metaspace       used 92494K, capacity 97164K, committed 98456K, reserved 1134592K
  class space    used 12299K, capacity 13142K, committed 13488K, reserved 1048576K
}
Event: 85.738 GC heap before
{Heap before GC invocations=24 (full 4):
 PSYoungGen      total 451072K, used 417484K [0x00000000d5580000, 0x00000000f3c80000, 0x0000000100000000)
  eden space 403456K, 100% used [0x00000000d5580000,0x00000000edf80000,0x00000000edf80000)
  from space 47616K, 29% used [0x00000000edf80000,0x00000000eed33158,0x00000000f0e00000)
  to   space 41472K, 0% used [0x00000000f1400000,0x00000000f1400000,0x00000000f3c80000)
 ParOldGen       total 215040K, used 98934K [0x0000000080000000, 0x000000008d200000, 0x00000000d5580000)
  object space 215040K, 46% used [0x0000000080000000,0x000000008609d908,0x000000008d200000)
 Metaspace       used 92578K, capacity 97244K, committed 98456K, reserved 1134592K
  class space    used 12307K, capacity 13144K, committed 13488K, reserved 1048576K
Event: 85.845 GC heap after
Heap after GC invocations=24 (full 4):
 PSYoungGen      total 444928K, used 19974K [0x00000000d5580000, 0x00000000f3c80000, 0x0000000100000000)
  eden space 403456K, 0% used [0x00000000d5580000,0x00000000d5580000,0x00000000edf80000)
  from space 41472K, 48% used [0x00000000f1400000,0x00000000f2781908,0x00000000f3c80000)
  to   space 47616K, 0% used [0x00000000edf80000,0x00000000edf80000,0x00000000f0e00000)
 ParOldGen       total 215040K, used 98934K [0x0000000080000000, 0x000000008d200000, 0x00000000d5580000)
  object space 215040K, 46% used [0x0000000080000000,0x000000008609d908,0x000000008d200000)
 Metaspace       used 92578K, capacity 97244K, committed 98456K, reserved 1134592K
  class space    used 12307K, capacity 13144K, committed 13488K, reserved 1048576K
}
Event: 89.226 GC heap before
{Heap before GC invocations=25 (full 4):
 PSYoungGen      total 444928K, used 423430K [0x00000000d5580000, 0x00000000f3c80000, 0x0000000100000000)
  eden space 403456K, 100% used [0x00000000d5580000,0x00000000edf80000,0x00000000edf80000)
  from space 41472K, 48% used [0x00000000f1400000,0x00000000f2781908,0x00000000f3c80000)
  to   space 47616K, 0% used [0x00000000edf80000,0x00000000edf80000,0x00000000f0e00000)
 ParOldGen       total 215040K, used 98934K [0x0000000080000000, 0x000000008d200000, 0x00000000d5580000)
  object space 215040K, 46% used [0x0000000080000000,0x000000008609d908,0x000000008d200000)
 Metaspace       used 92736K, capacity 97452K, committed 98584K, reserved 1134592K
  class space    used 12314K, capacity 13180K, committed 13616K, reserved 1048576K
Event: 89.381 GC heap after
Heap after GC invocations=25 (full 4):
 PSYoungGen      total 451072K, used 23465K [0x00000000d5580000, 0x00000000f3c80000, 0x0000000100000000)
  eden space 403456K, 0% used [0x00000000d5580000,0x00000000d5580000,0x00000000edf80000)
  from space 47616K, 49% used [0x00000000edf80000,0x00000000ef66a548,0x00000000f0e00000)
  to   space 41472K, 0% used [0x00000000f1400000,0x00000000f1400000,0x00000000f3c80000)
 ParOldGen       total 215040K, used 104572K [0x0000000080000000, 0x000000008d200000, 0x00000000d5580000)
  object space 215040K, 48% used [0x0000000080000000,0x000000008661f388,0x000000008d200000)
 Metaspace       used 92736K, capacity 97452K, committed 98584K, reserved 1134592K
  class space    used 12314K, capacity 13180K, committed 13616K, reserved 1048576K
}
Event: 93.226 GC heap before
{Heap before GC invocations=26 (full 4):
 PSYoungGen      total 451072K, used 426921K [0x00000000d5580000, 0x00000000f3c80000, 0x0000000100000000)
  eden space 403456K, 100% used [0x00000000d5580000,0x00000000edf80000,0x00000000edf80000)
  from space 47616K, 49% used [0x00000000edf80000,0x00000000ef66a548,0x00000000f0e00000)
  to   space 41472K, 0% used [0x00000000f1400000,0x00000000f1400000,0x00000000f3c80000)
 ParOldGen       total 215040K, used 104572K [0x0000000080000000, 0x000000008d200000, 0x00000000d5580000)
  object space 215040K, 48% used [0x0000000080000000,0x000000008661f388,0x000000008d200000)
 Metaspace       used 92926K, capacity 97672K, committed 98840K, reserved 1134592K
  class space    used 12316K, capacity 13182K, committed 13616K, reserved 1048576K
Event: 93.343 GC heap after
Heap after GC invocations=26 (full 4):
 PSYoungGen      total 444928K, used 30085K [0x00000000d5580000, 0x00000000f3c80000, 0x0000000100000000)
  eden space 403456K, 0% used [0x00000000d5580000,0x00000000d5580000,0x00000000edf80000)
  from space 41472K, 72% used [0x00000000f1400000,0x00000000f31615b8,0x00000000f3c80000)
  to   space 47616K, 0% used [0x00000000edf80000,0x00000000edf80000,0x00000000f0e00000)
 ParOldGen       total 215040K, used 114305K [0x0000000080000000, 0x000000008d200000, 0x00000000d5580000)
  object space 215040K, 53% used [0x0000000080000000,0x0000000086fa05d0,0x000000008d200000)
 Metaspace       used 92926K, capacity 97672K, committed 98840K, reserved 1134592K
  class space    used 12316K, capacity 13182K, committed 13616K, reserved 1048576K
}
Event: 98.487 GC heap before
{Heap before GC invocations=27 (full 4):
 PSYoungGen      total 444928K, used 433541K [0x00000000d5580000, 0x00000000f3c80000, 0x0000000100000000)
  eden space 403456K, 100% used [0x00000000d5580000,0x00000000edf80000,0x00000000edf80000)
  from space 41472K, 72% used [0x00000000f1400000,0x00000000f31615b8,0x00000000f3c80000)
  to   space 47616K, 0% used [0x00000000edf80000,0x00000000edf80000,0x00000000f0e00000)
 ParOldGen       total 215040K, used 114305K [0x0000000080000000, 0x000000008d200000, 0x00000000d5580000)
  object space 215040K, 53% used [0x0000000080000000,0x0000000086fa05d0,0x000000008d200000)
 Metaspace       used 93515K, capacity 98344K, committed 99352K, reserved 1134592K
  class space    used 12376K, capacity 13236K, committed 13616K, reserved 1048576K
Event: 98.649 GC heap after
Heap after GC invocations=27 (full 4):
 PSYoungGen      total 451072K, used 34469K [0x00000000d5580000, 0x00000000f3c80000, 0x0000000100000000)
  eden space 403456K, 0% used [0x00000000d5580000,0x00000000d5580000,0x00000000edf80000)
  from space 47616K, 72% used [0x00000000edf80000,0x00000000f01296a8,0x00000000f0e00000)
  to   space 41472K, 0% used [0x00000000f1400000,0x00000000f1400000,0x00000000f3c80000)
 ParOldGen       total 215040K, used 126057K [0x0000000080000000, 0x000000008d200000, 0x00000000d5580000)
  object space 215040K, 58% used [0x0000000080000000,0x0000000087b1a498,0x000000008d200000)
 Metaspace       used 93515K, capacity 98344K, committed 99352K, reserved 1134592K
  class space    used 12376K, capacity 13236K, committed 13616K, reserved 1048576K
}

