# JRE version: OpenJDK Runtime Environment (8.0_242-b01) (build 1.8.0_242-release-1644-b01)
# Java VM: OpenJDK 64-Bit Server VM (25.242-b01 mixed mode windows-amd64 compressed oops)
Heap:
 PSYoungGen      total 334848K, used 86858K [0x00000000d5580000, 0x00000000f4400000, 0x0000000100000000)
  eden space 307712K, 21% used [0x00000000d5580000,0x00000000d94de550,0x00000000e8200000)
  from space 27136K, 80% used [0x00000000e8200000,0x00000000e97744a0,0x00000000e9c80000)
  to   space 50176K, 0% used [0x00000000f1300000,0x00000000f1300000,0x00000000f4400000)
 ParOldGen       total 96768K, used 96273K [0x0000000080000000, 0x0000000085e80000, 0x00000000d5580000)
  object space 96768K, 99% used [0x0000000080000000,0x0000000085e04690,0x0000000085e80000)
 Metaspace       used 85422K, capacity 89716K, committed 90072K, reserved 1126400K
  class space    used 11658K, capacity 12483K, committed 12544K, reserved 1048576K
GC Heap History (10 events):
Event: 43.364 GC heap before
{Heap before GC invocations=15 (full 3):
 PSYoungGen      total 251392K, used 608K [0x00000000d5580000, 0x00000000e8800000, 0x0000000100000000)
  eden space 231424K, 0% used [0x00000000d5580000,0x00000000d5580000,0x00000000e3780000)
  from space 19968K, 3% used [0x00000000e4b80000,0x00000000e4c18000,0x00000000e5f00000)
  to   space 20480K, 0% used [0x00000000e3780000,0x00000000e3780000,0x00000000e4b80000)
 ParOldGen       total 67584K, used 41342K [0x0000000080000000, 0x0000000084200000, 0x00000000d5580000)
  object space 67584K, 61% used [0x0000000080000000,0x000000008285f810,0x0000000084200000)
 Metaspace       used 56559K, capacity 58882K, committed 59028K, reserved 1099776K
  class space    used 7744K, capacity 8227K, committed 8320K, reserved 1048576K
Event: 44.057 GC heap after
Heap after GC invocations=15 (full 3):
 PSYoungGen      total 251392K, used 0K [0x00000000d5580000, 0x00000000e8800000, 0x0000000100000000)
  eden space 231424K, 0% used [0x00000000d5580000,0x00000000d5580000,0x00000000e3780000)
  from space 19968K, 0% used [0x00000000e4b80000,0x00000000e4b80000,0x00000000e5f00000)
  to   space 20480K, 0% used [0x00000000e3780000,0x00000000e3780000,0x00000000e4b80000)
 ParOldGen       total 96768K, used 29144K [0x0000000080000000, 0x0000000085e80000, 0x00000000d5580000)
  object space 96768K, 30% used [0x0000000080000000,0x0000000081c763b0,0x0000000085e80000)
 Metaspace       used 56547K, capacity 58840K, committed 59028K, reserved 1099776K
  class space    used 7741K, capacity 8220K, committed 8320K, reserved 1048576K
}
Event: 52.821 GC heap before
{Heap before GC invocations=16 (full 3):
 PSYoungGen      total 251392K, used 231424K [0x00000000d5580000, 0x00000000e8800000, 0x0000000100000000)
  eden space 231424K, 100% used [0x00000000d5580000,0x00000000e3780000,0x00000000e3780000)
  from space 19968K, 0% used [0x00000000e4b80000,0x00000000e4b80000,0x00000000e5f00000)
  to   space 20480K, 0% used [0x00000000e3780000,0x00000000e3780000,0x00000000e4b80000)
 ParOldGen       total 96768K, used 29144K [0x0000000080000000, 0x0000000085e80000, 0x00000000d5580000)
  object space 96768K, 30% used [0x0000000080000000,0x0000000081c763b0,0x0000000085e80000)
 Metaspace       used 66771K, capacity 69758K, committed 69976K, reserved 1110016K
  class space    used 9173K, capacity 9733K, committed 9856K, reserved 1048576K
Event: 52.871 GC heap after
Heap after GC invocations=16 (full 3):
 PSYoungGen      total 251904K, used 20453K [0x00000000d5580000, 0x00000000eb680000, 0x0000000100000000)
  eden space 231424K, 0% used [0x00000000d5580000,0x00000000d5580000,0x00000000e3780000)
  from space 20480K, 99% used [0x00000000e3780000,0x00000000e4b79560,0x00000000e4b80000)
  to   space 24064K, 0% used [0x00000000e9f00000,0x00000000e9f00000,0x00000000eb680000)
 ParOldGen       total 96768K, used 30359K [0x0000000080000000, 0x0000000085e80000, 0x00000000d5580000)
  object space 96768K, 31% used [0x0000000080000000,0x0000000081da5ec8,0x0000000085e80000)
 Metaspace       used 66771K, capacity 69758K, committed 69976K, reserved 1110016K
  class space    used 9173K, capacity 9733K, committed 9856K, reserved 1048576K
}
Event: 72.887 GC heap before
{Heap before GC invocations=17 (full 3):
 PSYoungGen      total 251904K, used 251877K [0x00000000d5580000, 0x00000000eb680000, 0x0000000100000000)
  eden space 231424K, 100% used [0x00000000d5580000,0x00000000e3780000,0x00000000e3780000)
  from space 20480K, 99% used [0x00000000e3780000,0x00000000e4b79560,0x00000000e4b80000)
  to   space 24064K, 0% used [0x00000000e9f00000,0x00000000e9f00000,0x00000000eb680000)
 ParOldGen       total 96768K, used 30359K [0x0000000080000000, 0x0000000085e80000, 0x00000000d5580000)
  object space 96768K, 31% used [0x0000000080000000,0x0000000081da5ec8,0x0000000085e80000)
 Metaspace       used 75275K, capacity 78642K, committed 78936K, reserved 1118208K
  class space    used 10177K, capacity 10828K, committed 10880K, reserved 1048576K
Event: 73.244 GC heap after
Heap after GC invocations=17 (full 3):
 PSYoungGen      total 331776K, used 20630K [0x00000000d5580000, 0x00000000eb700000, 0x0000000100000000)
  eden space 307712K, 0% used [0x00000000d5580000,0x00000000d5580000,0x00000000e8200000)
  from space 24064K, 85% used [0x00000000e9f00000,0x00000000eb325890,0x00000000eb680000)
  to   space 27136K, 0% used [0x00000000e8200000,0x00000000e8200000,0x00000000e9c80000)
 ParOldGen       total 96768K, used 43580K [0x0000000080000000, 0x0000000085e80000, 0x00000000d5580000)
  object space 96768K, 45% used [0x0000000080000000,0x0000000082a8f3d8,0x0000000085e80000)
 Metaspace       used 75275K, capacity 78642K, committed 78936K, reserved 1118208K
  class space    used 10177K, capacity 10828K, committed 10880K, reserved 1048576K
}
Event: 96.353 GC heap before
{Heap before GC invocations=18 (full 3):
 PSYoungGen      total 331776K, used 328342K [0x00000000d5580000, 0x00000000eb700000, 0x0000000100000000)
  eden space 307712K, 100% used [0x00000000d5580000,0x00000000e8200000,0x00000000e8200000)
  from space 24064K, 85% used [0x00000000e9f00000,0x00000000eb325890,0x00000000eb680000)
  to   space 27136K, 0% used [0x00000000e8200000,0x00000000e8200000,0x00000000e9c80000)
 ParOldGen       total 96768K, used 43580K [0x0000000080000000, 0x0000000085e80000, 0x00000000d5580000)
  object space 96768K, 45% used [0x0000000080000000,0x0000000082a8f3d8,0x0000000085e80000)
 Metaspace       used 85365K, capacity 89784K, committed 89816K, reserved 1126400K
  class space    used 11675K, capacity 12513K, committed 12544K, reserved 1048576K
Event: 97.031 GC heap after
Heap after GC invocations=18 (full 3):
 PSYoungGen      total 334848K, used 27108K [0x00000000d5580000, 0x00000000f4400000, 0x0000000100000000)
  eden space 307712K, 0% used [0x00000000d5580000,0x00000000d5580000,0x00000000e8200000)
  from space 27136K, 99% used [0x00000000e8200000,0x00000000e9c79070,0x00000000e9c80000)
  to   space 50176K, 0% used [0x00000000f1300000,0x00000000f1300000,0x00000000f4400000)
 ParOldGen       total 96768K, used 94617K [0x0000000080000000, 0x0000000085e80000, 0x00000000d5580000)
  object space 96768K, 97% used [0x0000000080000000,0x0000000085c667a8,0x0000000085e80000)
 Metaspace       used 85365K, capacity 89784K, committed 89816K, reserved 1126400K
  class space    used 11675K, capacity 12513K, committed 12544K, reserved 1048576K
}
Event: 97.031 GC heap before
{Heap before GC invocations=19 (full 4):
 PSYoungGen      total 334848K, used 27108K [0x00000000d5580000, 0x00000000f4400000, 0x0000000100000000)
  eden space 307712K, 0% used [0x00000000d5580000,0x00000000d5580000,0x00000000e8200000)
  from space 27136K, 99% used [0x00000000e8200000,0x00000000e9c79070,0x00000000e9c80000)
  to   space 50176K, 0% used [0x00000000f1300000,0x00000000f1300000,0x00000000f4400000)
 ParOldGen       total 96768K, used 94617K [0x0000000080000000, 0x0000000085e80000, 0x00000000d5580000)
  object space 96768K, 97% used [0x0000000080000000,0x0000000085c667a8,0x0000000085e80000)
 Metaspace       used 85365K, capacity 89784K, committed 89816K, reserved 1126400K
  class space    used 11675K, capacity 12513K, committed 12544K, reserved 1048576K
Event: 101.079 GC heap after
Heap after GC invocations=19 (full 4):
 PSYoungGen      total 334848K, used 21969K [0x00000000d5580000, 0x00000000f4400000, 0x0000000100000000)
  eden space 307712K, 0% used [0x00000000d5580000,0x00000000d5580000,0x00000000e8200000)
  from space 27136K, 80% used [0x00000000e8200000,0x00000000e97744a0,0x00000000e9c80000)
  to   space 50176K, 0% used [0x00000000f1300000,0x00000000f1300000,0x00000000f4400000)
 ParOldGen       total 96768K, used 96273K [0x0000000080000000, 0x0000000085e80000, 0x00000000d5580000)
  object space 96768K, 99% used [0x0000000080000000,0x0000000085e04690,0x0000000085e80000)
 Metaspace       used 85313K, capacity 89640K, committed 89816K, reserved 1126400K
  class space    used 11656K, capacity 12481K, committed 12544K, reserved 1048576K
}

