# JRE version: OpenJDK Runtime Environment (8.0_242-b01) (build 1.8.0_242-release-1644-b01)
# Java VM: OpenJDK 64-Bit Server VM (25.242-b01 mixed mode windows-amd64 compressed oops)
Heap:
 PSYoungGen      total 335872K, used 86014K [0x00000000d5580000, 0x00000000ec400000, 0x0000000100000000)
  eden space 309248K, 27% used [0x00000000d5580000,0x00000000da97f9f0,0x00000000e8380000)
  from space 26624K, 0% used [0x00000000ea280000,0x00000000ea280000,0x00000000ebc80000)
  to   space 31744K, 0% used [0x00000000e8380000,0x00000000e8380000,0x00000000ea280000)
 ParOldGen       total 112128K, used 54502K [0x0000000080000000, 0x0000000086d80000, 0x00000000d5580000)
  object space 112128K, 48% used [0x0000000080000000,0x00000000835399c0,0x0000000086d80000)
 Metaspace       used 95813K, capacity 100314K, committed 100888K, reserved 1136640K
  class space    used 12354K, capacity 13208K, committed 13360K, reserved 1048576K
GC Heap History (10 events):
Event: 118.362 GC heap before
{Heap before GC invocations=18 (full 3):
 PSYoungGen      total 262656K, used 260754K [0x00000000d5580000, 0x00000000e7580000, 0x0000000100000000)
  eden space 247808K, 100% used [0x00000000d5580000,0x00000000e4780000,0x00000000e4780000)
  from space 14848K, 87% used [0x00000000e6700000,0x00000000e73a4998,0x00000000e7580000)
  to   space 23552K, 0% used [0x00000000e4780000,0x00000000e4780000,0x00000000e5e80000)
 ParOldGen       total 112128K, used 52935K [0x0000000080000000, 0x0000000086d80000, 0x00000000d5580000)
  object space 112128K, 47% used [0x0000000080000000,0x00000000833b1ec8,0x0000000086d80000)
 Metaspace       used 76375K, capacity 79816K, committed 80152K, reserved 1118208K
  class space    used 10008K, capacity 10681K, committed 10800K, reserved 1048576K
Event: 118.428 GC heap after
Heap after GC invocations=18 (full 3):
 PSYoungGen      total 271360K, used 21232K [0x00000000d5580000, 0x00000000eab80000, 0x0000000100000000)
  eden space 247808K, 0% used [0x00000000d5580000,0x00000000d5580000,0x00000000e4780000)
  from space 23552K, 90% used [0x00000000e4780000,0x00000000e5c3c3c0,0x00000000e5e80000)
  to   space 26112K, 0% used [0x00000000e9200000,0x00000000e9200000,0x00000000eab80000)
 ParOldGen       total 112128K, used 52943K [0x0000000080000000, 0x0000000086d80000, 0x00000000d5580000)
  object space 112128K, 47% used [0x0000000080000000,0x00000000833b3ec8,0x0000000086d80000)
 Metaspace       used 76375K, capacity 79816K, committed 80152K, reserved 1118208K
  class space    used 10008K, capacity 10681K, committed 10800K, reserved 1048576K
}
Event: 5347.905 GC heap before
{Heap before GC invocations=19 (full 3):
 PSYoungGen      total 271360K, used 269040K [0x00000000d5580000, 0x00000000eab80000, 0x0000000100000000)
  eden space 247808K, 100% used [0x00000000d5580000,0x00000000e4780000,0x00000000e4780000)
  from space 23552K, 90% used [0x00000000e4780000,0x00000000e5c3c3c0,0x00000000e5e80000)
  to   space 26112K, 0% used [0x00000000e9200000,0x00000000e9200000,0x00000000eab80000)
 ParOldGen       total 112128K, used 52943K [0x0000000080000000, 0x0000000086d80000, 0x00000000d5580000)
  object space 112128K, 47% used [0x0000000080000000,0x00000000833b3ec8,0x0000000086d80000)
 Metaspace       used 78974K, capacity 82572K, committed 82712K, reserved 1120256K
  class space    used 10245K, capacity 10949K, committed 11056K, reserved 1048576K
Event: 5347.979 GC heap after
Heap after GC invocations=19 (full 3):
 PSYoungGen      total 307712K, used 18089K [0x00000000d5580000, 0x00000000ea480000, 0x0000000100000000)
  eden space 288768K, 0% used [0x00000000d5580000,0x00000000d5580000,0x00000000e6f80000)
  from space 18944K, 95% used [0x00000000e9200000,0x00000000ea3aa5e8,0x00000000ea480000)
  to   space 27136K, 0% used [0x00000000e6f80000,0x00000000e6f80000,0x00000000e8a00000)
 ParOldGen       total 112128K, used 52951K [0x0000000080000000, 0x0000000086d80000, 0x00000000d5580000)
  object space 112128K, 47% used [0x0000000080000000,0x00000000833b5ec8,0x0000000086d80000)
 Metaspace       used 78974K, capacity 82572K, committed 82712K, reserved 1120256K
  class space    used 10245K, capacity 10949K, committed 11056K, reserved 1048576K
}
Event: 6577.472 GC heap before
{Heap before GC invocations=20 (full 3):
 PSYoungGen      total 307712K, used 306857K [0x00000000d5580000, 0x00000000ea480000, 0x0000000100000000)
  eden space 288768K, 100% used [0x00000000d5580000,0x00000000e6f80000,0x00000000e6f80000)
  from space 18944K, 95% used [0x00000000e9200000,0x00000000ea3aa5e8,0x00000000ea480000)
  to   space 27136K, 0% used [0x00000000e6f80000,0x00000000e6f80000,0x00000000e8a00000)
 ParOldGen       total 112128K, used 52951K [0x0000000080000000, 0x0000000086d80000, 0x00000000d5580000)
  object space 112128K, 47% used [0x0000000080000000,0x00000000833b5ec8,0x0000000086d80000)
 Metaspace       used 83493K, capacity 87536K, committed 87832K, reserved 1126400K
  class space    used 10694K, capacity 11449K, committed 11568K, reserved 1048576K
Event: 6577.530 GC heap after
Heap after GC invocations=20 (full 3):
 PSYoungGen      total 315904K, used 15241K [0x00000000d5580000, 0x00000000ebc80000, 0x0000000100000000)
  eden space 288768K, 0% used [0x00000000d5580000,0x00000000d5580000,0x00000000e6f80000)
  from space 27136K, 56% used [0x00000000e6f80000,0x00000000e7e62628,0x00000000e8a00000)
  to   space 26624K, 0% used [0x00000000ea280000,0x00000000ea280000,0x00000000ebc80000)
 ParOldGen       total 112128K, used 52959K [0x0000000080000000, 0x0000000086d80000, 0x00000000d5580000)
  object space 112128K, 47% used [0x0000000080000000,0x00000000833b7ec8,0x0000000086d80000)
 Metaspace       used 83493K, capacity 87536K, committed 87832K, reserved 1126400K
  class space    used 10694K, capacity 11449K, committed 11568K, reserved 1048576K
}
Event: 6597.521 GC heap before
{Heap before GC invocations=21 (full 3):
 PSYoungGen      total 315904K, used 233362K [0x00000000d5580000, 0x00000000ebc80000, 0x0000000100000000)
  eden space 288768K, 75% used [0x00000000d5580000,0x00000000e2a82350,0x00000000e6f80000)
  from space 27136K, 56% used [0x00000000e6f80000,0x00000000e7e62628,0x00000000e8a00000)
  to   space 26624K, 0% used [0x00000000ea280000,0x00000000ea280000,0x00000000ebc80000)
 ParOldGen       total 112128K, used 52959K [0x0000000080000000, 0x0000000086d80000, 0x00000000d5580000)
  object space 112128K, 47% used [0x0000000080000000,0x00000000833b7ec8,0x0000000086d80000)
 Metaspace       used 93746K, capacity 98376K, committed 98584K, reserved 1134592K
  class space    used 12079K, capacity 12979K, committed 13104K, reserved 1048576K
Event: 6597.621 GC heap after
Heap after GC invocations=21 (full 3):
 PSYoungGen      total 335872K, used 26611K [0x00000000d5580000, 0x00000000ec400000, 0x0000000100000000)
  eden space 309248K, 0% used [0x00000000d5580000,0x00000000d5580000,0x00000000e8380000)
  from space 26624K, 99% used [0x00000000ea280000,0x00000000ebc7ced0,0x00000000ebc80000)
  to   space 31744K, 0% used [0x00000000e8380000,0x00000000e8380000,0x00000000ea280000)
 ParOldGen       total 112128K, used 57025K [0x0000000080000000, 0x0000000086d80000, 0x00000000d5580000)
  object space 112128K, 50% used [0x0000000080000000,0x00000000837b0678,0x0000000086d80000)
 Metaspace       used 93746K, capacity 98376K, committed 98584K, reserved 1134592K
  class space    used 12079K, capacity 12979K, committed 13104K, reserved 1048576K
}
Event: 6597.621 GC heap before
{Heap before GC invocations=22 (full 4):
 PSYoungGen      total 335872K, used 26611K [0x00000000d5580000, 0x00000000ec400000, 0x0000000100000000)
  eden space 309248K, 0% used [0x00000000d5580000,0x00000000d5580000,0x00000000e8380000)
  from space 26624K, 99% used [0x00000000ea280000,0x00000000ebc7ced0,0x00000000ebc80000)
  to   space 31744K, 0% used [0x00000000e8380000,0x00000000e8380000,0x00000000ea280000)
 ParOldGen       total 112128K, used 57025K [0x0000000080000000, 0x0000000086d80000, 0x00000000d5580000)
  object space 112128K, 50% used [0x0000000080000000,0x00000000837b0678,0x0000000086d80000)
 Metaspace       used 93746K, capacity 98376K, committed 98584K, reserved 1134592K
  class space    used 12079K, capacity 12979K, committed 13104K, reserved 1048576K
Event: 6598.805 GC heap after
Heap after GC invocations=22 (full 4):
 PSYoungGen      total 335872K, used 0K [0x00000000d5580000, 0x00000000ec400000, 0x0000000100000000)
  eden space 309248K, 0% used [0x00000000d5580000,0x00000000d5580000,0x00000000e8380000)
  from space 26624K, 0% used [0x00000000ea280000,0x00000000ea280000,0x00000000ebc80000)
  to   space 31744K, 0% used [0x00000000e8380000,0x00000000e8380000,0x00000000ea280000)
 ParOldGen       total 112128K, used 54502K [0x0000000080000000, 0x0000000086d80000, 0x00000000d5580000)
  object space 112128K, 48% used [0x0000000080000000,0x00000000835399c0,0x0000000086d80000)
 Metaspace       used 93373K, capacity 97660K, committed 98584K, reserved 1134592K
  class space    used 12003K, capacity 12855K, committed 13104K, reserved 1048576K
}

