# JRE version: OpenJDK Runtime Environment (8.0_242-b01) (build 1.8.0_242-release-1644-b01)
# Java VM: OpenJDK 64-Bit Server VM (25.242-b01 mixed mode windows-amd64 compressed oops)
Heap:
 PSYoungGen      total 295936K, used 171091K [0x00000000d5580000, 0x00000000ebe00000, 0x0000000100000000)
  eden space 288256K, 59% used [0x00000000d5580000,0x00000000dfc94e18,0x00000000e6f00000)
  from space 7680K, 0% used [0x00000000eb680000,0x00000000eb680000,0x00000000ebe00000)
  to   space 34304K, 0% used [0x00000000e7b00000,0x00000000e7b00000,0x00000000e9c80000)
 ParOldGen       total 165888K, used 45201K [0x0000000080000000, 0x000000008a200000, 0x00000000d5580000)
  object space 165888K, 27% used [0x0000000080000000,0x0000000082c246b0,0x000000008a200000)
 Metaspace       used 95352K, capacity 100122K, committed 101400K, reserved 1136640K
  class space    used 12416K, capacity 13287K, committed 13616K, reserved 1048576K
GC Heap History (10 events):
Event: 60.279 GC heap before
{Heap before GC invocations=18 (full 3):
 PSYoungGen      total 280576K, used 280433K [0x00000000d5580000, 0x00000000e8600000, 0x0000000100000000)
  eden space 258560K, 99% used [0x00000000d5580000,0x00000000e51dce18,0x00000000e5200000)
  from space 22016K, 99% used [0x00000000e6d80000,0x00000000e82ff780,0x00000000e8300000)
  to   space 26624K, 0% used [0x00000000e5200000,0x00000000e5200000,0x00000000e6c00000)
 ParOldGen       total 112128K, used 32519K [0x0000000080000000, 0x0000000086d80000, 0x00000000d5580000)
  object space 112128K, 29% used [0x0000000080000000,0x0000000081fc1ec8,0x0000000086d80000)
 Metaspace       used 85461K, capacity 90324K, committed 90392K, reserved 1126400K
  class space    used 11670K, capacity 12588K, committed 12592K, reserved 1048576K
Event: 60.416 GC heap after
Heap after GC invocations=18 (full 3):
 PSYoungGen      total 285184K, used 26595K [0x00000000d5580000, 0x00000000ece80000, 0x0000000100000000)
  eden space 258560K, 0% used [0x00000000d5580000,0x00000000d5580000,0x00000000e5200000)
  from space 26624K, 99% used [0x00000000e5200000,0x00000000e6bf8cb0,0x00000000e6c00000)
  to   space 38400K, 0% used [0x00000000ea900000,0x00000000ea900000,0x00000000ece80000)
 ParOldGen       total 112128K, used 52399K [0x0000000080000000, 0x0000000086d80000, 0x00000000d5580000)
  object space 112128K, 46% used [0x0000000080000000,0x000000008332bd60,0x0000000086d80000)
 Metaspace       used 85461K, capacity 90324K, committed 90392K, reserved 1126400K
  class space    used 11670K, capacity 12588K, committed 12592K, reserved 1048576K
}
Event: 281.752 GC heap before
{Heap before GC invocations=19 (full 3):
 PSYoungGen      total 285184K, used 285155K [0x00000000d5580000, 0x00000000ece80000, 0x0000000100000000)
  eden space 258560K, 100% used [0x00000000d5580000,0x00000000e5200000,0x00000000e5200000)
  from space 26624K, 99% used [0x00000000e5200000,0x00000000e6bf8cb0,0x00000000e6c00000)
  to   space 38400K, 0% used [0x00000000ea900000,0x00000000ea900000,0x00000000ece80000)
 ParOldGen       total 112128K, used 52399K [0x0000000080000000, 0x0000000086d80000, 0x00000000d5580000)
  object space 112128K, 46% used [0x0000000080000000,0x000000008332bd60,0x0000000086d80000)
 Metaspace       used 91261K, capacity 96248K, committed 96408K, reserved 1132544K
  class space    used 12251K, capacity 13202K, committed 13232K, reserved 1048576K
Event: 281.796 GC heap after
Heap after GC invocations=19 (full 3):
 PSYoungGen      total 326144K, used 9744K [0x00000000d5580000, 0x00000000ec280000, 0x0000000100000000)
  eden space 300032K, 0% used [0x00000000d5580000,0x00000000d5580000,0x00000000e7a80000)
  from space 26112K, 37% used [0x00000000ea900000,0x00000000eb284308,0x00000000ec280000)
  to   space 36864K, 0% used [0x00000000e7a80000,0x00000000e7a80000,0x00000000e9e80000)
 ParOldGen       total 112128K, used 57316K [0x0000000080000000, 0x0000000086d80000, 0x00000000d5580000)
  object space 112128K, 51% used [0x0000000080000000,0x00000000837f91d0,0x0000000086d80000)
 Metaspace       used 91261K, capacity 96248K, committed 96408K, reserved 1132544K
  class space    used 12251K, capacity 13202K, committed 13232K, reserved 1048576K
}
Event: 1753.195 GC heap before
{Heap before GC invocations=20 (full 3):
 PSYoungGen      total 326144K, used 309776K [0x00000000d5580000, 0x00000000ec280000, 0x0000000100000000)
  eden space 300032K, 100% used [0x00000000d5580000,0x00000000e7a80000,0x00000000e7a80000)
  from space 26112K, 37% used [0x00000000ea900000,0x00000000eb284308,0x00000000ec280000)
  to   space 36864K, 0% used [0x00000000e7a80000,0x00000000e7a80000,0x00000000e9e80000)
 ParOldGen       total 112128K, used 57316K [0x0000000080000000, 0x0000000086d80000, 0x00000000d5580000)
  object space 112128K, 51% used [0x0000000080000000,0x00000000837f91d0,0x0000000086d80000)
 Metaspace       used 92515K, capacity 97760K, committed 98072K, reserved 1134592K
  class space    used 12281K, capacity 13278K, committed 13360K, reserved 1048576K
Event: 1753.260 GC heap after
Heap after GC invocations=20 (full 3):
 PSYoungGen      total 336896K, used 7560K [0x00000000d5580000, 0x00000000ed900000, 0x0000000100000000)
  eden space 300032K, 0% used [0x00000000d5580000,0x00000000d5580000,0x00000000e7a80000)
  from space 36864K, 20% used [0x00000000e7a80000,0x00000000e81e2060,0x00000000e9e80000)
  to   space 35328K, 0% used [0x00000000eb680000,0x00000000eb680000,0x00000000ed900000)
 ParOldGen       total 112128K, used 57324K [0x0000000080000000, 0x0000000086d80000, 0x00000000d5580000)
  object space 112128K, 51% used [0x0000000080000000,0x00000000837fb1d0,0x0000000086d80000)
 Metaspace       used 92515K, capacity 97760K, committed 98072K, reserved 1134592K
  class space    used 12281K, capacity 13278K, committed 13360K, reserved 1048576K
}
Event: 2222.434 GC heap before
{Heap before GC invocations=21 (full 3):
 PSYoungGen      total 336896K, used 150612K [0x00000000d5580000, 0x00000000ed900000, 0x0000000100000000)
  eden space 300032K, 47% used [0x00000000d5580000,0x00000000de133160,0x00000000e7a80000)
  from space 36864K, 20% used [0x00000000e7a80000,0x00000000e81e2060,0x00000000e9e80000)
  to   space 35328K, 0% used [0x00000000eb680000,0x00000000eb680000,0x00000000ed900000)
 ParOldGen       total 112128K, used 57324K [0x0000000080000000, 0x0000000086d80000, 0x00000000d5580000)
  object space 112128K, 51% used [0x0000000080000000,0x00000000837fb1d0,0x0000000086d80000)
 Metaspace       used 93171K, capacity 98494K, committed 98584K, reserved 1134592K
  class space    used 12346K, capacity 13333K, committed 13360K, reserved 1048576K
Event: 2222.463 GC heap after
Heap after GC invocations=21 (full 3):
 PSYoungGen      total 295936K, used 7512K [0x00000000d5580000, 0x00000000ebe00000, 0x0000000100000000)
  eden space 288256K, 0% used [0x00000000d5580000,0x00000000d5580000,0x00000000e6f00000)
  from space 7680K, 97% used [0x00000000eb680000,0x00000000ebdd6040,0x00000000ebe00000)
  to   space 34304K, 0% used [0x00000000e7b00000,0x00000000e7b00000,0x00000000e9c80000)
 ParOldGen       total 112128K, used 57324K [0x0000000080000000, 0x0000000086d80000, 0x00000000d5580000)
  object space 112128K, 51% used [0x0000000080000000,0x00000000837fb1d0,0x0000000086d80000)
 Metaspace       used 93171K, capacity 98494K, committed 98584K, reserved 1134592K
  class space    used 12346K, capacity 13333K, committed 13360K, reserved 1048576K
}
Event: 2222.463 GC heap before
{Heap before GC invocations=22 (full 4):
 PSYoungGen      total 295936K, used 7512K [0x00000000d5580000, 0x00000000ebe00000, 0x0000000100000000)
  eden space 288256K, 0% used [0x00000000d5580000,0x00000000d5580000,0x00000000e6f00000)
  from space 7680K, 97% used [0x00000000eb680000,0x00000000ebdd6040,0x00000000ebe00000)
  to   space 34304K, 0% used [0x00000000e7b00000,0x00000000e7b00000,0x00000000e9c80000)
 ParOldGen       total 112128K, used 57324K [0x0000000080000000, 0x0000000086d80000, 0x00000000d5580000)
  object space 112128K, 51% used [0x0000000080000000,0x00000000837fb1d0,0x0000000086d80000)
 Metaspace       used 93171K, capacity 98494K, committed 98584K, reserved 1134592K
  class space    used 12346K, capacity 13333K, committed 13360K, reserved 1048576K
Event: 2223.399 GC heap after
Heap after GC invocations=22 (full 4):
 PSYoungGen      total 295936K, used 0K [0x00000000d5580000, 0x00000000ebe00000, 0x0000000100000000)
  eden space 288256K, 0% used [0x00000000d5580000,0x00000000d5580000,0x00000000e6f00000)
  from space 7680K, 0% used [0x00000000eb680000,0x00000000eb680000,0x00000000ebe00000)
  to   space 34304K, 0% used [0x00000000e7b00000,0x00000000e7b00000,0x00000000e9c80000)
 ParOldGen       total 165888K, used 45201K [0x0000000080000000, 0x000000008a200000, 0x00000000d5580000)
  object space 165888K, 27% used [0x0000000080000000,0x0000000082c246b0,0x000000008a200000)
 Metaspace       used 92484K, capacity 96988K, committed 98584K, reserved 1134592K
  class space    used 12136K, capacity 12954K, committed 13360K, reserved 1048576K
}

